<?xml version="1.0" encoding="UTF-8"?>
<!-- Generated by org.testng.reporters.JUnitReportReporter -->
<testsuite hostname="DESKTOP-R1FF5SH" failures="0" tests="6" name="tests.Halfebaytest" time="36.483" errors="0" timestamp="2021-05-20T21:59:43 EDT" skipped="0">
  <testcase classname="tests.Halfebaytest" name="createaccount" time="7.278"/>
  <system-out/>
  <testcase classname="tests.Halfebaytest" name="createaccount" time="5.512"/>
  <system-out/>
  <testcase classname="tests.Halfebaytest" name="createaccount" time="5.878"/>
  <system-out/>
  <testcase classname="tests.Halfebaytest" name="createaccount" time="6.106"/>
  <system-out/>
  <testcase classname="tests.Halfebaytest" name="createaccount" time="5.176"/>
  <system-out/>
  <testcase classname="tests.Halfebaytest" name="createaccount" time="6.533"/>
  <system-out/>
</testsuite> <!-- tests.Halfebaytest -->
